<?xml version="1.0" encoding="UTF-8"?>
<testsuite name="com.ceiba.identificacion.modelo.entidad.IdentificacionTest" tests="3" skipped="0" failures="0" errors="0" timestamp="2022-02-22T21:13:19" hostname="DESKTOP-2GI24IG" time="0.032">
  <properties/>
  <testcase name="Deberia lanzar excepcion por tipo de identificacion nulo" classname="com.ceiba.identificacion.modelo.entidad.IdentificacionTest" time="0.008"/>
  <testcase name="Deberia lanzar excepcion por número de identificacion nulo" classname="com.ceiba.identificacion.modelo.entidad.IdentificacionTest" time="0.003"/>
  <testcase name="Debería crear la identificación correctamente" classname="com.ceiba.identificacion.modelo.entidad.IdentificacionTest" time="0.001"/>
  <system-out><![CDATA[]]></system-out>
  <system-err><![CDATA[]]></system-err>
</testsuite>
