<?xml version="1.0" encoding="UTF-8"?>
<testsuite name="com.ceiba.dinero.modelo.entidad.DineroTest" tests="5" skipped="0" failures="0" errors="0" timestamp="2022-02-22T21:13:19" hostname="DESKTOP-2GI24IG" time="0.075">
  <properties/>
  <testcase name="Debería lanzar excepción por tasa de cambio negativa" classname="com.ceiba.dinero.modelo.entidad.DineroTest" time="0.002"/>
  <testcase name="Debeería crear dinero correctamenmte" classname="com.ceiba.dinero.modelo.entidad.DineroTest" time="0.006"/>
  <testcase name="Debería lanzar excepción por valor nulo" classname="com.ceiba.dinero.modelo.entidad.DineroTest" time="0.01"/>
  <testcase name="Debería lanzar excepción por codigo nulo" classname="com.ceiba.dinero.modelo.entidad.DineroTest" time="0.001"/>
  <testcase name="Debería lanzar excepción por tasa de cambio nulo" classname="com.ceiba.dinero.modelo.entidad.DineroTest" time="0.001"/>
  <system-out><![CDATA[]]></system-out>
  <system-err><![CDATA[]]></system-err>
</testsuite>
