<?xml version="1.0" encoding="UTF-8"?>
<testsuite name="com.ceiba.credito.modelo.entidad.CreditoTest" tests="8" skipped="0" failures="0" errors="0" timestamp="2022-02-22T21:13:13" hostname="DESKTOP-2GI24IG" time="0.24">
  <properties/>
  <testcase name="Debería lanzar excepción por valor de egresos nulo" classname="com.ceiba.credito.modelo.entidad.CreditoTest" time="0.144"/>
  <testcase name="Debería lanzar excepción por plazo nulo" classname="com.ceiba.credito.modelo.entidad.CreditoTest" time="0.002"/>
  <testcase name="Deberia crear credito correctamente" classname="com.ceiba.credito.modelo.entidad.CreditoTest" time="0.002"/>
  <testcase name="Debería lanzar excepción por plazo invalido" classname="com.ceiba.credito.modelo.entidad.CreditoTest" time="0.001"/>
  <testcase name="Debería lanzar excepción por plazo ingreso negativo" classname="com.ceiba.credito.modelo.entidad.CreditoTest" time="0.002"/>
  <testcase name="Debería lanzar excepción por egreso mayor que ingreso" classname="com.ceiba.credito.modelo.entidad.CreditoTest" time="0.038"/>
  <testcase name="Debería lanzar excepción por valor de ingresos nulo" classname="com.ceiba.credito.modelo.entidad.CreditoTest" time="0.027"/>
  <testcase name="Debería lanzar excepción por identificación nula" classname="com.ceiba.credito.modelo.entidad.CreditoTest" time="0.006"/>
  <system-out><![CDATA[]]></system-out>
  <system-err><![CDATA[]]></system-err>
</testsuite>
